[13:57:13.702] INFO (12356): Server Listen At 8000
[13:57:15.012] INFO (12408): Server Listen At 8000
[13:58:56.951] INFO (12726): Server Listen At 8000
[13:59:02.723] INFO (12799): Server Listen At 8000
[13:59:15.730] INFO (12889): Server Listen At 8000
[13:59:42.856] INFO (13034): Server Listen At 8000
[14:00:07.120] INFO (13142): Server Listen At 8000
[14:00:13.185] INFO (13219): Server Listen At 8000
[14:00:23.729] INFO (13291): Server Listen At 8000
[14:00:35.084] INFO (13382): Server Listen At 8000
[14:02:23.163] INFO (13953): Server Listen At 8000
[14:04:16.483] INFO (14242): Server Listen At 8000
[14:04:17.697] INFO (14294): Server Listen At 8000
[14:05:27.081] INFO (14623): Server Listen At 8000
[14:05:57.231] INFO (14789): Server Listen At 8000
[14:05:58.602] INFO (14840): Server Listen At 8000
[14:10:33.642] INFO (15814): Server Listen At 8000
[14:11:47.160] INFO (16160): Server Listen At 8000
[14:14:03.054] INFO (16844): Server Listen At 8000
[14:15:01.927] INFO (17131): Server Listen At 8000
[14:15:30.066] INFO (17295): Server Listen At 8000
[14:16:12.150] INFO (17487): Server Listen At 8000
[14:16:27.026] INFO (17596): Server Listen At 8000
[14:16:27.918] INFO (17635): Server Listen At 8000
[14:18:32.502] INFO (17827): Server Listen At 8000
[14:18:41.824] INFO (17933): Server Listen At 8000
[14:18:46.964] INFO (17993): Server Listen At 8000
[14:19:11.494] INFO (18050): Server Listen At 8000
[14:19:42.901] INFO (18175): Server Listen At 8000
[14:19:46.986] INFO (18233): Server Listen At 8000
[14:22:27.648] INFO (18476): Server Listen At 8000
[14:22:29.052] INFO (18529): Server Listen At 8000
[14:22:46.855] INFO (18615): Server Listen At 8000
[14:24:49.879] INFO (18850): Server Listen At 8000
[14:26:20.886] INFO (19024): Server Listen At 8000
[14:28:58.627] INFO (19257): Server Listen At 8000
[14:30:48.837] INFO (19466): Server Listen At 8000
[14:31:59.892] INFO (19654): Server Listen At 8000
[14:32:01.177] INFO (19708): Server Listen At 8000
[14:33:56.930] INFO (19834): Server Listen At 8000
[14:44:29.175] INFO (20377): Server Listen At 8000
[14:44:30.425] INFO (20429): Server Listen At 8000
[14:47:24.390] INFO (20562): Server Listen At 8000
[14:49:19.673] INFO (20816): Server Listen At 8000
[14:50:23.944] INFO (20925): Server Listen At 8000
[14:50:44.058] INFO (21034): Server Listen At 8000
[14:51:10.464] INFO (21202): Server Listen At 8000
[14:51:11.724] INFO (21254): Server Listen At 8000
[14:52:13.677] INFO (21400): Server Listen At 8000
[14:56:59.444] INFO (21648): Server Listen At 8000
[15:04:56.141] INFO (22104): Server Listen At 8000
[15:05:18.743] INFO (22212): Server Listen At 8000
[15:05:29.809] INFO (22352): Server Listen At 8000
[15:05:31.073] INFO (22406): Server Listen At 8000
[15:05:53.401] INFO (22508): Server Listen At 8000
[15:05:58.360] INFO (22605): Server Listen At 8000
[15:06:45.787] INFO (22683): Server Listen At 8000
[15:08:48.463] INFO (23021): Server Listen At 8000
[15:08:49.700] INFO (23076): Server Listen At 8000
[15:10:42.448] INFO (23298): Server Listen At 8000
[15:59:13.584] INFO (26876): Server Listen At 8000
[15:59:31.240] INFO (26976): Server Listen At 8000
[16:00:05.253] INFO (27093): Server Listen At 8000
[16:00:07.127] INFO (27147): Server Listen At 8000
[16:00:10.474] INFO (27188): Server Listen At 8000
[16:02:18.815] INFO (27458): Server Listen At 8000
[16:02:20.111] INFO (27510): Server Listen At 8000
[16:03:23.463] INFO (27640): Server Listen At 8000
[16:06:14.347] INFO (27994): Server Listen At 8000
[16:06:35.433] INFO (28103): Server Listen At 8000
[16:06:40.485] INFO (28177): Server Listen At 8000
[16:06:45.497] INFO (28234): Server Listen At 8000
[16:11:44.308] INFO (28558): Server Listen At 8000
[16:11:45.684] INFO (28613): Server Listen At 8000
[16:14:55.105] INFO (28933): Server Listen At 8000
[16:15:48.375] INFO (29090): Server Listen At 8000
[16:19:48.296] INFO (29308): Server Listen At 8000
[16:20:15.401] INFO (29427): Server Listen At 8000
[16:20:22.516] INFO (29533): Server Listen At 8000
[16:20:50.947] INFO (29592): Server Listen At 8000
[16:20:58.617] INFO (29699): Server Listen At 8000
[16:21:18.825] INFO (29789): Server Listen At 8000
[16:22:59.610] INFO (29968): Server Listen At 8000
[16:23:10.856] INFO (30074): Server Listen At 8000
[16:26:47.231] INFO (30613): Server Listen At 8000
[16:29:39.513] INFO (30866): Server Listen At 8000
[16:30:16.204] INFO (30986): Server Listen At 8000
[16:30:23.118] INFO (31076): Server Listen At 8000
[16:30:48.961] INFO (31150): Server Listen At 8000
[16:32:15.294] INFO (31283): Server Listen At 8000
[16:32:38.123] INFO (31411): Server Listen At 8000
[16:33:24.815] INFO (31518): Server Listen At 8000
[16:33:55.864] INFO (31625): Server Listen At 8000
[16:35:47.040] INFO (32206): Server Listen At 8000
[16:35:54.975] INFO (32321): Server Listen At 8000
[16:36:22.418] INFO (32433): Server Listen At 8000
[16:46:41.919] INFO (32678): Server Listen At 8000
[16:46:57.092] INFO (32795): Server Listen At 8000
[16:46:58.074] INFO (32834): Server Listen At 8000
[16:47:01.983] INFO (32919): Server Listen At 8000
[16:47:10.312] INFO (33037): Server Listen At 8000
[16:48:02.850] INFO (33140): Server Listen At 8000
[16:48:23.746] INFO (33246): Server Listen At 8000
[16:48:27.097] INFO (33308): Server Listen At 8000
[16:48:29.058] INFO (33328): Server Listen At 8000
[16:48:43.999] INFO (33426): Server Listen At 8000
[16:49:30.323] INFO (33549): Server Listen At 8000
[16:50:30.940] INFO (33683): Server Listen At 8000
[16:52:02.756] INFO (34262): Server Listen At 8000
[16:52:06.099] INFO (34334): Server Listen At 8000
[16:52:08.429] INFO (34355): Server Listen At 8000
[16:52:43.758] INFO (34456): Server Listen At 8000
[16:54:06.560] INFO (34584): Server Listen At 8000
[16:54:12.849] INFO (34673): Server Listen At 8000
[16:54:50.213] INFO (34756): Server Listen At 8000
[16:55:16.372] INFO (34865): Server Listen At 8000
[16:55:51.057] INFO (34982): Server Listen At 8000
[16:56:09.213] INFO (35090): Server Listen At 8000
[16:56:19.511] INFO (35196): Server Listen At 8000
[16:56:47.824] INFO (35290): Server Listen At 8000
[16:57:43.200] INFO (35481): Server Listen At 8000
[17:03:41.731] INFO (35680): Server Listen At 8000
[17:04:04.634] INFO (35788): Server Listen At 8000
[17:04:07.180] INFO (35860): Server Listen At 8000
[17:04:34.093] INFO (35920): Server Listen At 8000
[17:04:40.572] INFO (36011): Server Listen At 8000
[17:04:52.963] INFO (36087): Server Listen At 8000
[17:05:15.180] INFO (36188): Server Listen At 8000
[17:05:29.412] INFO (36297): Server Listen At 8000
[17:05:34.710] INFO (36371): Server Listen At 8000
[17:05:53.077] INFO (36465): Server Listen At 8000
[17:06:38.448] INFO (36585): Server Listen At 8000
[17:06:39.854] INFO (36640): Server Listen At 8000
[17:07:04.441] INFO (36720): Server Listen At 8000
[17:08:48.260] INFO (36917): Server Listen At 8000
[17:08:51.235] INFO (37002): Server Listen At 8000
[17:09:13.277] INFO (37061): Server Listen At 8000
[17:09:38.405] INFO (37168): Server Listen At 8000
[17:09:48.830] INFO (37275): Server Listen At 8000
[17:10:08.927] INFO (37366): Server Listen At 8000
[17:10:45.255] INFO (37517): Server Listen At 8000
[17:11:00.506] INFO (37638): Server Listen At 8000
[17:11:31.343] INFO (37752): Server Listen At 8000
[17:12:56.854] INFO (37974): Server Listen At 8000
[17:12:58.133] INFO (38043): Server Listen At 8000
[17:14:39.320] INFO (38160): Server Listen At 8000
[17:14:56.708] INFO (38268): Server Listen At 8000
[17:26:11.812] INFO (38909): Server Listen At 8000
[17:26:19.741] INFO (39015): Server Listen At 8000
[17:27:07.525] INFO (39140): Server Listen At 8000
[17:30:00.696] INFO (39479): Server Listen At 8000
[17:33:15.977] INFO (39804): Server Listen At 8000
[17:33:24.806] INFO (39915): Server Listen At 8000
[17:33:36.139] INFO (39997): Server Listen At 8000
[17:33:50.563] INFO (40117): Server Listen At 8000
[17:34:03.394] INFO (40237): Server Listen At 8000
[17:34:13.334] INFO (40333): Server Listen At 8000
[17:35:20.759] INFO (40436): Server Listen At 8000
[17:35:52.083] INFO (40553): Server Listen At 8000
[17:35:59.786] INFO (40664): Server Listen At 8000
[17:38:11.417] INFO (41212): Server Listen At 8000
[17:38:51.113] INFO (41329): Server Listen At 8000
[17:38:57.623] INFO (41419): Server Listen At 8000
[17:38:59.993] INFO (41456): Server Listen At 8000
[17:39:03.985] INFO (41513): Server Listen At 8000
[17:39:11.918] INFO (41571): Server Listen At 8000
[17:39:14.061] INFO (41624): Server Listen At 8000
[17:39:15.504] INFO (41645): Server Listen At 8000
[17:40:10.025] INFO (41729): Server Listen At 8000
[17:40:14.201] INFO (41802): Server Listen At 8000
[17:41:15.883] INFO (41877): Server Listen At 8000
[17:41:34.233] INFO (41985): Server Listen At 8000
[17:41:36.026] INFO (42039): Server Listen At 8000
[17:41:54.592] INFO (42118): Server Listen At 8000
[17:41:57.908] INFO (42191): Server Listen At 8000
[17:42:09.133] INFO (42249): Server Listen At 8000
[17:42:31.106] INFO (42340): Server Listen At 8000
[17:42:35.618] INFO (42414): Server Listen At 8000
[17:42:39.623] INFO (42472): Server Listen At 8000
[17:43:47.097] INFO (42908): Server Listen At 8000
[17:43:51.114] INFO (42983): Server Listen At 8000
[17:43:54.913] INFO (43040): Server Listen At 8000
[17:45:04.652] INFO (43116): Server Listen At 8000
[17:45:17.021] INFO (43224): Server Listen At 8000
[17:45:20.299] INFO (43280): Server Listen At 8000
[17:45:36.807] INFO (43339): Server Listen At 8000
[17:45:38.350] INFO (43393): Server Listen At 8000
[17:45:51.536] INFO (43468): Server Listen At 8000
[17:46:37.611] INFO (43587): Server Listen At 8000
[17:47:03.178] INFO (43696): Server Listen At 8000
[17:47:33.972] INFO (43808): Server Listen At 8000
[17:48:06.730] INFO (43921): Server Listen At 8000
[17:48:14.708] INFO (44027): Server Listen At 8000
[17:48:36.882] INFO (44087): Server Listen At 8000
[17:48:43.594] INFO (44177): Server Listen At 8000
[17:50:04.368] INFO (44327): Server Listen At 8000
[17:52:11.302] INFO (44448): Server Listen At 8000
[17:53:40.135] INFO (44631): Server Listen At 8000
[17:53:59.370] INFO (44743): Server Listen At 8000
[17:54:11.093] INFO (44851): Server Listen At 8000
[17:54:26.267] INFO (44943): Server Listen At 8000
[17:57:33.271] INFO (45549): Server Listen At 8000
[17:57:44.780] INFO (45655): Server Listen At 8000
[17:58:01.723] INFO (45774): Server Listen At 8000
[17:58:08.973] INFO (45879): Server Listen At 8000
[17:58:32.968] INFO (45964): Server Listen At 8000
[17:58:37.392] INFO (46038): Server Listen At 8000
[17:58:53.447] INFO (46122): Server Listen At 8000
[17:59:32.603] INFO (46255): Server Listen At 8000
[18:01:04.815] INFO (46414): Server Listen At 8000
[18:01:16.498] INFO (46521): Server Listen At 8000
[18:01:35.135] INFO (46639): Server Listen At 8000
[18:03:08.540] INFO (46909): Server Listen At 8000
[18:03:27.907] INFO (47020): Server Listen At 8000
[18:04:37.164] INFO (47211): Server Listen At 8000
[18:04:38.433] INFO (47264): Server Listen At 8000
[18:06:59.011] INFO (47363): Server Listen At 8000
[18:07:03.417] INFO (47437): Server Listen At 8000
[18:07:36.225] INFO (47499): Server Listen At 8000
[18:07:55.747] INFO (47607): Server Listen At 8000
[18:09:43.446] INFO (47738): Server Listen At 8000
[18:09:47.245] INFO (47811): Server Listen At 8000
[18:10:06.100] INFO (47875): Server Listen At 8000
[18:11:03.921] INFO (48008): Server Listen At 8000
[18:11:13.081] INFO (48117): Server Listen At 8000
[18:11:43.677] INFO (48179): Server Listen At 8000
[18:12:12.007] INFO (48289): Server Listen At 8000
[18:12:13.149] INFO (48342): Server Listen At 8000
[18:12:19.084] INFO (48418): Server Listen At 8000
[18:12:32.880] INFO (48476): Server Listen At 8000
[18:12:37.881] INFO (48549): Server Listen At 8000
[18:13:05.265] INFO (48673): Server Listen At 8000
[18:13:11.159] INFO (48758): Server Listen At 8000
[18:14:42.278] INFO (48896): Server Listen At 8000
[18:14:57.448] INFO (49023): Server Listen At 8000
[18:16:03.252] INFO (49162): Server Listen At 8000
[18:16:22.568] INFO (49272): Server Listen At 8000
[18:16:24.501] INFO (49326): Server Listen At 8000
[18:16:51.962] INFO (49429): Server Listen At 8000
[18:17:39.162] INFO (49559): Server Listen At 8000
[18:18:14.431] INFO (49706): Server Listen At 8000
[18:18:54.874] INFO (49832): Server Listen At 8000
[18:20:12.365] INFO (50610): Server Listen At 8000
[18:21:34.744] INFO (50893): Server Listen At 8000
[18:21:47.791] INFO (51041): Server Listen At 8000
[18:21:54.684] INFO (51161): Server Listen At 8000
[18:22:47.343] INFO (51306): Server Listen At 8000
[18:23:14.643] INFO (51415): Server Listen At 8000
[18:23:16.685] INFO (51485): Server Listen At 8000
[18:24:33.394] INFO (51758): Server Listen At 8000
[18:24:45.522] INFO (51878): Server Listen At 8000
[18:24:55.970] INFO (51970): Server Listen At 8000
[18:30:44.841] INFO (52343): Server Listen At 8000
[18:30:46.925] INFO (52414): Server Listen At 8000
[18:31:08.274] INFO (52516): Server Listen At 8000
[18:32:00.736] INFO (52690): Server Listen At 8000
[18:32:08.390] INFO (52799): Server Listen At 8000
[18:32:33.758] INFO (52858): Server Listen At 8000
[18:33:54.961] INFO (52985): Server Listen At 8000
[18:34:24.063] INFO (53132): Server Listen At 8000
[18:34:31.394] INFO (53242): Server Listen At 8000
[18:34:34.986] INFO (53267): Server Listen At 8000
[18:35:05.672] INFO (53372): Server Listen At 8000
[18:35:19.960] INFO (53486): Server Listen At 8000
[18:35:22.514] INFO (53556): Server Listen At 8000
[18:35:45.139] INFO (53620): Server Listen At 8000
[18:36:08.943] INFO (53734): Server Listen At 8000
[18:36:14.130] INFO (53808): Server Listen At 8000
[18:36:54.448] INFO (53908): Server Listen At 8000
[18:37:03.516] INFO (54015): Server Listen At 8000
[18:37:16.864] INFO (54072): Server Listen At 8000
[18:37:34.098] INFO (54187): Server Listen At 8000
[18:38:11.197] INFO (54374): Server Listen At 8000
[18:38:47.024] INFO (54473): Server Listen At 8000
[18:38:51.101] INFO (54548): Server Listen At 8000
[18:38:56.625] INFO (54604): Server Listen At 8000
[18:39:02.780] INFO (54660): Server Listen At 8000
[18:39:45.190] INFO (54761): Server Listen At 8000
[18:40:12.062] INFO (54906): Server Listen At 8000
[18:40:29.239] INFO (55020): Server Listen At 8000
[18:46:14.129] INFO (55271): Server Listen At 8000
[18:46:28.187] INFO (55383): Server Listen At 8000
[18:50:14.422] INFO (55731): Server Listen At 8000
[18:51:58.217] INFO (55856): Server Listen At 8000
[18:53:27.241] INFO (56030): Server Listen At 8000
[18:55:06.941] INFO (56272): Server Listen At 8000
[18:56:27.600] INFO (56444): Server Listen At 8000
[18:56:29.105] INFO (56497): Server Listen At 8000
[18:58:33.967] INFO (56768): Server Listen At 8000
[19:01:14.143] INFO (57452): Server Listen At 8000
[19:01:53.924] INFO (58017): Server Listen At 8000
[19:02:36.663] INFO (58287): Server Listen At 8000
[19:02:38.020] INFO (58344): Server Listen At 8000
[19:02:46.653] INFO (58454): Server Listen At 8000
[19:11:44.306] INFO (58699): Server Listen At 8000
[19:11:49.876] INFO (58770): Server Listen At 8000
[19:12:27.571] INFO (58876): Server Listen At 8000
[19:12:29.119] INFO (58929): Server Listen At 8000
[19:12:59.279] INFO (59007): Server Listen At 8000
[19:13:21.889] INFO (59115): Server Listen At 8000
[19:14:38.928] INFO (59302): Server Listen At 8000
[19:14:42.521] INFO (59377): Server Listen At 8000
[19:15:10.970] INFO (59443): Server Listen At 8000
[19:15:17.040] INFO (59541): Server Listen At 8000
[19:15:41.673] INFO (59617): Server Listen At 8000
[19:15:59.264] INFO (59725): Server Listen At 8000
[19:16:03.871] INFO (59803): Server Listen At 8000
[19:21:39.149] INFO (60219): Server Listen At 8000
[19:22:41.177] INFO (60368): Server Listen At 8000
[19:22:44.072] INFO (60440): Server Listen At 8000
[19:23:02.286] INFO (60499): Server Listen At 8000
[19:23:04.525] INFO (60570): Server Listen At 8000
[19:24:38.172] INFO (60751): Server Listen At 8000
[19:26:23.021] INFO (60922): Server Listen At 8000
[19:26:25.975] INFO (60996): Server Listen At 8000
[19:27:17.851] INFO (61065): Server Listen At 8000
[19:27:41.422] INFO (61176): Server Listen At 8000
[19:27:58.520] INFO (61288): Server Listen At 8000
[19:28:02.998] INFO (61362): Server Listen At 8000
[19:28:08.289] INFO (61420): Server Listen At 8000
[19:28:39.296] INFO (61518): Server Listen At 8000
[19:28:46.002] INFO (61606): Server Listen At 8000
[19:29:05.463] INFO (61683): Server Listen At 8000
[19:30:28.323] INFO (61993): Server Listen At 8000
[19:31:42.481] ERROR (61993):
    file: "/home/vasu-parsaniya/Documents/Advanced-Training/Task/Task-1/node_modules/mysql2/promise.js:374:22"
    error: "Table 'inventory_management.registration' doesn't exist"
[19:32:30.362] ERROR (61993):
    file: "/home/vasu-parsaniya/Documents/Advanced-Training/Task/Task-1/node_modules/mysql2/promise.js:374:22"
    error: "Table 'inventory_management.registration' doesn't exist"
[19:32:51.878] ERROR (61993):
    file: "/home/vasu-parsaniya/Documents/Advanced-Training/Task/Task-1/node_modules/mysql2/promise.js:374:22"
    error: "Table 'inventory_management.registration' doesn't exist"
[19:33:04.847] INFO (62461): Server Listen At 8000
[19:33:06.201] INFO (62539): Server Listen At 8000
[19:49:10.059] INFO (62969): Server Listen At 8000
[19:49:58.302] INFO (63088): Server Listen At 8000
[08:59:47.195] INFO (6599): Server Listen At 8000
[08:59:48.526] INFO (6675): Server Listen At 8000
[09:09:15.510] INFO (7457): Server Listen At 8000
[09:09:43.461] INFO (7556): Server Listen At 8000
[09:09:49.861] INFO (7657): Server Listen At 8000
[09:10:10.797] INFO (7745): Server Listen At 8000
[09:10:33.865] INFO (7847): Server Listen At 8000
[09:10:44.777] INFO (7993): Server Listen At 8000
[09:11:05.519] INFO (8111): Server Listen At 8000
[09:11:07.274] INFO (8161): Server Listen At 8000
[09:28:58.407] INFO (8861): Server Listen At 8000
[09:29:41.601] INFO (8961): Server Listen At 8000
[09:29:43.635] INFO (9016): Server Listen At 8000
[09:31:45.860] INFO (9287): Server Listen At 8000
[09:33:06.011] INFO (9405): Server Listen At 8000
[09:33:32.770] INFO (9497): Server Listen At 8000
[09:34:24.237] INFO (9596): Server Listen At 8000
[09:34:25.315] INFO (9631): Server Listen At 8000
[09:34:44.052] INFO (9703): Server Listen At 8000
[09:34:56.076] INFO (9790): Server Listen At 8000
[09:35:19.085] INFO (9883): Server Listen At 8000
[09:35:20.933] INFO (9921): Server Listen At 8000
[09:35:37.117] INFO (9991): Server Listen At 8000
[09:36:27.276] INFO (10085): Server Listen At 8000
[09:37:25.508] INFO (10179): Server Listen At 8000
[09:37:33.880] INFO (10266): Server Listen At 8000
[09:37:53.965] INFO (10325): Server Listen At 8000
[09:39:28.433] INFO (10448): Server Listen At 8000
[09:40:05.503] INFO (10552): Server Listen At 8000
[09:51:59.687] INFO (10739): Server Listen At 8000
[09:52:51.774] INFO (10842): Server Listen At 8000
[09:54:01.384] INFO (10978): Server Listen At 8000
[09:54:02.657] INFO (11014): Server Listen At 8000
[09:54:56.743] INFO (11095): Server Listen At 8000
[09:55:05.058] INFO (11182): Server Listen At 8000
[10:01:02.546] INFO (11522): Server Listen At 8000
[10:01:04.244] INFO (11561): Server Listen At 8000
[10:01:20.099] INFO (11632): Server Listen At 8000
[10:01:33.481] INFO (11721): Server Listen At 8000
[10:01:34.650] INFO (11756): Server Listen At 8000
[10:01:50.162] INFO (11828): Server Listen At 8000
[10:01:54.608] INFO (11883): Server Listen At 8000
[10:03:54.833] INFO (11969): Server Listen At 8000
[10:04:54.876] INFO (12195): Server Listen At 8000
[10:05:03.875] INFO (12285): Server Listen At 8000
[10:05:05.184] INFO (12304): Server Listen At 8000
[10:05:24.276] INFO (12403): Server Listen At 8000
[10:08:49.479] INFO (12797): Server Listen At 8000
[10:09:28.469] INFO (12889): Server Listen At 8000
[10:10:30.215] INFO (13003): Server Listen At 8000
[10:11:04.023] INFO (13094): Server Listen At 8000
[10:11:12.570] INFO (13184): Server Listen At 8000
[10:11:28.725] INFO (13241): Server Listen At 8000
[10:11:41.006] ERROR (13241):
    file: "/home/vasu-parsaniya/Documents/Advanced-Training/Task/Task-1/node_modules/mysql2/promise.js:374:22"
    error: "Duplicate entry 'admin@gmail.com' for key 'registration.email_UNIQUE'"
[10:11:56.087] ERROR (13241):
    file: "/home/vasu-parsaniya/Documents/Advanced-Training/Task/Task-1/node_modules/mysql2/promise.js:374:22"
    error: "Duplicate entry 'admin@gmail.com' for key 'registration.email_UNIQUE'"
[10:13:12.800] INFO (13476): Server Listen At 8000
[10:13:24.960] INFO (13567): Server Listen At 8000
[10:13:36.872] INFO (13656): Server Listen At 8000
[10:13:40.288] INFO (13712): Server Listen At 8000
[10:13:54.056] INFO (13768): Server Listen At 8000
[10:14:45.094] INFO (13898): Server Listen At 8000
[10:14:51.894] INFO (14000): Server Listen At 8000
[10:14:55.322] INFO (14046): Server Listen At 8000
[10:14:56.950] INFO (14108): Server Listen At 8000
[10:15:30.854] INFO (14176): Server Listen At 8000
[10:15:38.807] INFO (14293): Server Listen At 8000
[10:17:36.722] INFO (14434): Server Listen At 8000
[10:17:41.478] INFO (14490): Server Listen At 8000
[10:17:44.681] INFO (14542): Server Listen At 8000
[10:17:45.647] INFO (14558): Server Listen At 8000
[10:18:26.967] ERROR (14558):
    file: "/home/vasu-parsaniya/Documents/Advanced-Training/Task/Task-1/node_modules/mysql2/promise.js:374:22"
    error: "Duplicate entry 'vasuparsaniya21@gmail.com' for key 'registration.email_UNIQUE'"
[10:19:13.846] INFO (14707): Server Listen At 8000
[10:19:39.304] INFO (14809): Server Listen At 8000
[10:19:42.274] ERROR (14809):
    file: "/home/vasu-parsaniya/Documents/Advanced-Training/Task/Task-1/node_modules/mysql2/promise.js:374:22"
    error: "Duplicate entry 'vasuparsaniya21@gmail.com' for key 'registration.email_UNIQUE'"
[10:19:55.235] ERROR (14809):
    file: "/home/vasu-parsaniya/Documents/Advanced-Training/Task/Task-1/node_modules/mysql2/promise.js:374:22"
    error: "Duplicate entry 'vasuparsaniya21@gmail.com' for key 'registration.email_UNIQUE'"
[10:22:09.600] INFO (15026): Server Listen At 8000
[10:22:26.159] ERROR (15026):
    file: "Unknown file"
    error: "Duplicate entry 'vasuparsaniya21@gmail.com' for key 'registration.email_UNIQUE'"
[10:24:41.911] INFO (15391): Server Listen At 8000
[10:24:43.626] INFO (15430): Server Listen At 8000
[10:24:48.014] INFO (15481): Server Listen At 8000
[10:25:12.146] ERROR (15481):
    file: "Unknown file"
    error: "Duplicate entry 'vasuparsaniya21@gmail.com' for key 'registration.email_UNIQUE'"
[10:26:02.087] ERROR (15481):
    file: "Unknown file"
    error: "Duplicate entry 'vasuparsaniya21@gmail.com' for key 'registration.email_UNIQUE'"
[10:26:10.175] ERROR (15481):
    file: "Unknown file"
    error: "Duplicate entry 'vasuparsaniya21@gmail.com' for key 'registration.email_UNIQUE'"
[10:27:23.545] ERROR (15481):
    file: "Unknown file"
    error: "Duplicate entry 'vasuparsaniya21@gmail.com' for key 'registration.email_UNIQUE'"
[10:27:30.274] ERROR (15481):
    file: "Unknown file"
    error: "Duplicate entry 'vasuparsaniya21@gmail.com' for key 'registration.email_UNIQUE'"
[10:30:15.639] INFO (16615): Server Listen At 8000
[10:32:54.328] INFO (16710): Server Listen At 8000
[10:33:06.248] INFO (16798): Server Listen At 8000
[10:33:07.672] INFO (16832): Server Listen At 8000
[10:33:35.624] INFO (16905): Server Listen At 8000
[10:33:37.696] INFO (16959): Server Listen At 8000
[10:34:40.842] INFO (17031): Server Listen At 8000
[10:35:00.641] INFO (17120): Server Listen At 8000
[10:35:01.191] INFO (17138): Server Listen At 8000
[10:35:29.027] INFO (17247): Server Listen At 8000
[10:37:09.582] INFO (17374): Server Listen At 8000
[10:37:16.215] INFO (17445): Server Listen At 8000
[10:37:17.391] INFO (17479): Server Listen At 8000
[10:38:04.585] INFO (17680): Server Listen At 8000
[10:38:08.612] INFO (17735): Server Listen At 8000
[10:39:45.254] INFO (17831): Server Listen At 8000
[10:40:22.148] INFO (17936): Server Listen At 8000
[10:40:23.269] INFO (17973): Server Listen At 8000
[10:40:35.545] INFO (18048): Server Listen At 8000
[10:41:45.404] INFO (18220): Server Listen At 8000
[10:41:55.738] INFO (18309): Server Listen At 8000
[10:42:15.231] INFO (18406): Server Listen At 8000
[10:42:53.286] INFO (18514): Server Listen At 8000
[10:43:06.987] INFO (18610): Server Listen At 8000
[10:43:17.945] INFO (18702): Server Listen At 8000
[10:43:24.763] INFO (18777): Server Listen At 8000
[10:45:34.975] INFO (18872): Server Listen At 8000
[10:46:33.951] INFO (18974): Server Listen At 8000
[10:46:42.600] ERROR (18974):
    file: "Unknown file"
    error: "Duplicate entry 'vasuparsaniya21@gmail.com' for key 'registration.email_UNIQUE'"
[10:47:11.341] INFO (19114): Server Listen At 8000
[10:47:34.174] ERROR (19114):
    file: "Unknown file"
    error: "Duplicate entry 'vasuparsaniya21@gmail.com' for key 'registration.email_UNIQUE'"
[10:48:17.377] ERROR (19114):
    file: "Unknown file"
    error: "Duplicate entry 'vasuparsaniya21@gmail.com' for key 'registration.email_UNIQUE'"
[10:48:18.312] ERROR (19114):
    file: "Unknown file"
    error: "Duplicate entry 'vasuparsaniya21@gmail.com' for key 'registration.email_UNIQUE'"
[10:49:37.613] ERROR (19114):
    file: "Unknown file"
    error: "Duplicate entry 'vasuparsaniya21@gmail.com' for key 'registration.email_UNIQUE'"
[10:49:47.097] INFO (19430): Server Listen At 8000
[10:49:57.765] INFO (19487): Server Listen At 8000
[11:02:35.383] INFO (19697): Server Listen At 8000
[11:02:42.007] INFO (19772): Server Listen At 8000
[11:02:49.394] INFO (19847): Server Listen At 8000
[11:02:52.498] INFO (19906): Server Listen At 8000
[11:05:29.975] INFO (20005): Server Listen At 8000
[11:07:22.760] INFO (20113): Server Listen At 8000
[11:07:36.537] INFO (20221): Server Listen At 8000
[11:08:29.688] INFO (20314): Server Listen At 8000
[11:22:20.076] INFO (21253): Server Listen At 8000
[11:27:41.647] INFO (21700): Server Listen At 8000
[11:29:03.897] INFO (21805): Server Listen At 8000
[11:29:08.518] INFO (21861): Server Listen At 8000
[11:29:34.994] ERROR (21861):
    file: "Unknown file"
    error: "Duplicate entry 'admin@gmail.com' for key 'registration.email_UNIQUE'"
[11:34:46.965] INFO (22056): Server Listen At 8000
[11:34:56.459] INFO (22155): Server Listen At 8000
[11:36:53.733] INFO (22283): Server Listen At 8000
[11:37:14.213] INFO (22416): Server Listen At 8000
[11:37:23.189] INFO (22523): Server Listen At 8000
[11:37:50.204] INFO (22624): Server Listen At 8000
[11:38:03.536] INFO (22738): Server Listen At 8000
[11:38:12.623] INFO (22846): Server Listen At 8000
[11:38:25.178] INFO (22950): Server Listen At 8000
[11:38:26.555] INFO (23026): Server Listen At 8000
[11:43:24.346] INFO (23394): Server Listen At 8000
[11:43:24.982] INFO (23463): Server Listen At 8000
[11:43:28.497] INFO (23519): Server Listen At 8000
[11:43:32.847] INFO (23574): Server Listen At 8000
[11:43:33.388] INFO (23634): Server Listen At 8000
[11:44:36.388] INFO (23762): Server Listen At 8000
[11:46:37.844] INFO (24043): Server Listen At 8000
[11:46:43.001] INFO (24102): Server Listen At 8000
[11:47:10.999] INFO (24197): Server Listen At 8000
[11:47:21.985] INFO (24286): Server Listen At 8000
[11:47:24.532] INFO (24342): Server Listen At 8000
[11:49:06.063] INFO (24421): Server Listen At 8000
[11:55:29.952] INFO (24805): Server Listen At 8000
